<?xml version="1.0" encoding="UTF-8"?>
<!-- Generated by org.testng.reporters.JUnitReportReporter -->
<testsuite hostname="LAPTOP-18QE1QU0" failures="0" tests="2" name="com.sgtesting.tests.SampleTestCases" time="0.012" errors="0" timestamp="2023-05-08T17:24:44 IST" skipped="0">
  <testcase classname="com.sgtesting.tests.SampleTestCases" name="method1" time="0.011"/>
  <system-out/>
  <testcase classname="com.sgtesting.tests.SampleTestCases" name="method2" time="0.001"/>
  <system-out/>
</testsuite> <!-- com.sgtesting.tests.SampleTestCases -->
